<?xml version="1.0" encoding="UTF-8"?>
<!-- Generated by org.testng.reporters.JUnitReportReporter -->
<testsuite hostname="amlan" failures="0" tests="2" name="com.banking.obs.pratice.Pratics_Annotation" time="0.006" errors="0" timestamp="2023-08-07T12:08:41 IST" skipped="0">
  <testcase classname="com.banking.obs.pratice.Pratics_Annotation" name="AconnectApp" time="0.005"/>
  <system-out/>
  <testcase classname="com.banking.obs.pratice.Pratics_Annotation" name="ConnecttoApp" time="0.001"/>
  <system-out/>
</testsuite> <!-- com.banking.obs.pratice.Pratics_Annotation -->
