<?xml version="1.0" encoding="UTF-8"?>
<!-- Generated by org.testng.reporters.JUnitReportReporter -->
<testsuite hostname="amlan" failures="0" tests="1" name="com.banking.obs.pratice.ReadingDataFromCommand" time="4.319" errors="0" timestamp="2023-07-29T11:42:00 IST" skipped="0">
  <testcase classname="com.banking.obs.pratice.ReadingDataFromCommand" name="readData" time="4.319"/>
  <system-out/>
</testsuite> <!-- com.banking.obs.pratice.ReadingDataFromCommand -->
