<?xml version="1.0" encoding="UTF-8"?>
<!-- Generated by org.testng.reporters.JUnitReportReporter -->
<testsuite hostname="amlan" failures="0" tests="3" name="com.banking.testng.TestNg" time="0.008" errors="0" timestamp="2023-08-04T14:46:11 IST" skipped="0">
  <testcase classname="com.banking.testng.TestNg" name="deleteTest" time="0.001"/>
  <system-out/>
  <testcase classname="com.banking.testng.TestNg" name="CreateData" time="0.006"/>
  <system-out/>
  <testcase classname="com.banking.testng.TestNg" name="editdata" time="0.001"/>
  <system-out/>
</testsuite> <!-- com.banking.testng.TestNg -->
