<?xml version="1.0" encoding="UTF-8"?>
<!-- Generated by org.testng.reporters.JUnitReportReporter -->
<testsuite hostname="amlan" failures="0" tests="1" name="com.banking.obs.pratice.CreditCust" time="1.345" errors="0" timestamp="2023-08-08T13:08:45 IST" skipped="0">
  <testcase classname="com.banking.obs.pratice.CreditCust" name="Creditcust" time="1.345"/>
</testsuite> <!-- com.banking.obs.pratice.CreditCust -->
