<?xml version="1.0" encoding="UTF-8"?>
<!-- Generated by org.testng.reporters.JUnitReportReporter -->
<testsuite hostname="amlan" failures="0" tests="4" name="com.banking.testng.DataProviderTest" time="0.009" errors="0" timestamp="2023-08-16T14:48:46 IST" skipped="0">
  <testcase classname="com.banking.testng.DataProviderTest" name="GetData" time="0.001"/>
  <testcase classname="com.banking.testng.DataProviderTest" name="GetData" time="0.006"/>
  <testcase classname="com.banking.testng.DataProviderTest" name="GetData" time="0.001"/>
  <testcase classname="com.banking.testng.DataProviderTest" name="GetData" time="0.001"/>
</testsuite> <!-- com.banking.testng.DataProviderTest -->
