<?xml version="1.0" encoding="UTF-8"?>
<!-- Generated by org.testng.reporters.JUnitReportReporter -->
<testsuite hostname="amlan" failures="0" tests="1" name="com.banking.obs.pratice.DeleteCust" time="0.002" errors="0" timestamp="2023-08-07T16:08:34 IST" skipped="0">
  <testcase classname="com.banking.obs.pratice.DeleteCust" name="Delete" time="0.002"/>
</testsuite> <!-- com.banking.obs.pratice.DeleteCust -->
