<?xml version="1.0" encoding="UTF-8"?>
<!-- Generated by org.testng.reporters.JUnitReportReporter -->
<testsuite hostname="amlan" failures="0" tests="6" name="com.banking.testng.DataFetchFromExcel" time="0.009" errors="0" timestamp="2023-08-04T16:10:24 IST" skipped="0">
  <testcase classname="com.banking.testng.DataFetchFromExcel" name="fetchdata" time="0.001"/>
  <system-out/>
  <testcase classname="com.banking.testng.DataFetchFromExcel" name="fetchdata" time="0.001"/>
  <system-out/>
  <testcase classname="com.banking.testng.DataFetchFromExcel" name="fetchdata" time="0.004"/>
  <system-out/>
  <testcase classname="com.banking.testng.DataFetchFromExcel" name="fetchdata" time="0.001"/>
  <system-out/>
  <testcase classname="com.banking.testng.DataFetchFromExcel" name="fetchdata" time="0.001"/>
  <system-out/>
  <testcase classname="com.banking.testng.DataFetchFromExcel" name="fetchdata" time="0.001"/>
  <system-out/>
</testsuite> <!-- com.banking.testng.DataFetchFromExcel -->
