<?xml version="1.0" encoding="UTF-8"?>
<!-- Generated by org.testng.reporters.JUnitReportReporter -->
<testsuite hostname="amlan" failures="0" tests="2" name="com.banking.obs.pratice.ParallelExe" time="0.004" errors="0" timestamp="2023-08-07T14:37:38 IST" skipped="0">
  <testcase classname="com.banking.obs.pratice.ParallelExe" name="create" time="0.002"/>
  <system-out/>
  <testcase classname="com.banking.obs.pratice.ParallelExe" name="modify" time="0.002"/>
  <system-out/>
</testsuite> <!-- com.banking.obs.pratice.ParallelExe -->
