<?xml version="1.0" encoding="UTF-8"?>
<!-- Generated by org.testng.reporters.JUnitReportReporter -->
<testsuite hostname="amlan" failures="0" tests="26" name="com.banking.testng.Generic_Data_Excel" time="0.029" errors="0" timestamp="2023-08-10T00:26:07 IST" skipped="0">
  <testcase classname="com.banking.testng.Generic_Data_Excel" name="Godata" time="0.001"/>
  <testcase classname="com.banking.testng.Generic_Data_Excel" name="Fetchdata" time="0.000"/>
  <testcase classname="com.banking.testng.Generic_Data_Excel" name="Godata" time="0.002"/>
  <testcase classname="com.banking.testng.Generic_Data_Excel" name="Godata" time="0.001"/>
  <testcase classname="com.banking.testng.Generic_Data_Excel" name="Godata" time="0.000"/>
  <testcase classname="com.banking.testng.Generic_Data_Excel" name="Godata" time="0.001"/>
  <testcase classname="com.banking.testng.Generic_Data_Excel" name="Godata" time="0.001"/>
  <testcase classname="com.banking.testng.Generic_Data_Excel" name="Fetchdata" time="0.001"/>
  <testcase classname="com.banking.testng.Generic_Data_Excel" name="Godata" time="0.001"/>
  <testcase classname="com.banking.testng.Generic_Data_Excel" name="Fetchdata" time="0.001"/>
  <testcase classname="com.banking.testng.Generic_Data_Excel" name="Godata" time="0.001"/>
  <testcase classname="com.banking.testng.Generic_Data_Excel" name="Godata" time="0.001"/>
  <testcase classname="com.banking.testng.Generic_Data_Excel" name="Godata" time="0.001"/>
  <testcase classname="com.banking.testng.Generic_Data_Excel" name="Fetchdata" time="0.001"/>
  <testcase classname="com.banking.testng.Generic_Data_Excel" name="Godata" time="0.001"/>
  <testcase classname="com.banking.testng.Generic_Data_Excel" name="Godata" time="0.001"/>
  <testcase classname="com.banking.testng.Generic_Data_Excel" name="Godata" time="0.002"/>
  <testcase classname="com.banking.testng.Generic_Data_Excel" name="Godata" time="0.000"/>
  <testcase classname="com.banking.testng.Generic_Data_Excel" name="Godata" time="0.001"/>
  <testcase classname="com.banking.testng.Generic_Data_Excel" name="Godata" time="0.001"/>
  <testcase classname="com.banking.testng.Generic_Data_Excel" name="Fetchdata" time="0.005"/>
  <testcase classname="com.banking.testng.Generic_Data_Excel" name="Godata" time="0.001"/>
  <testcase classname="com.banking.testng.Generic_Data_Excel" name="Godata" time="0.001"/>
  <testcase classname="com.banking.testng.Generic_Data_Excel" name="Fetchdata" time="0.001"/>
  <testcase classname="com.banking.testng.Generic_Data_Excel" name="Godata" time="0.001"/>
  <testcase classname="com.banking.testng.Generic_Data_Excel" name="Godata" time="0.001"/>
</testsuite> <!-- com.banking.testng.Generic_Data_Excel -->
