<?xml version="1.0" encoding="UTF-8"?>
<!-- Generated by org.testng.reporters.JUnitReportReporter -->
<testsuite hostname="amlan" failures="0" tests="1" name="com.banking.obs.pratice.ReadingDataFromCommandPrompt" time="9.626" errors="0" timestamp="2023-07-28T17:56:41 IST" skipped="0">
  <testcase classname="com.banking.obs.pratice.ReadingDataFromCommandPrompt" name="readDataFromcmdline" time="9.626"/>
  <system-out/>
</testsuite> <!-- com.banking.obs.pratice.ReadingDataFromCommandPrompt -->
