<?xml version="1.0" encoding="UTF-8"?>
<!-- Generated by org.testng.reporters.JUnitReportReporter -->
<testsuite hostname="amlan" failures="0" tests="1" name="com.banking.obs.pratice.CreateCust" time="0.008" errors="0" timestamp="2023-08-07T16:08:34 IST" skipped="0">
  <testcase classname="com.banking.obs.pratice.CreateCust" name="apply" time="0.008"/>
</testsuite> <!-- com.banking.obs.pratice.CreateCust -->
