<?xml version="1.0" encoding="UTF-8"?>
<!-- Generated by org.testng.reporters.JUnitReportReporter -->
<testsuite hostname="amlan" failures="0" tests="2" name="com.banking.testng.DataFetch" time="0.004" errors="0" timestamp="2023-08-04T13:34:02 IST" skipped="0">
  <testcase classname="com.banking.testng.DataFetch" name="getData" time="0.003"/>
  <system-out/>
  <testcase classname="com.banking.testng.DataFetch" name="getData" time="0.001"/>
  <system-out/>
</testsuite> <!-- com.banking.testng.DataFetch -->
