<?xml version="1.0" encoding="UTF-8"?>
<!-- Generated by org.testng.reporters.JUnitReportReporter -->
<testsuite hostname="amlan" failures="0" tests="2" name="com.banking.obs.pratice.Pract2" time="0.010" errors="0" timestamp="2023-08-07T14:17:49 IST" skipped="0">
  <testcase classname="com.banking.obs.pratice.Pract2" name="modify" time="0.002"/>
  <system-out/>
  <testcase classname="com.banking.obs.pratice.Pract2" name="create" time="0.008"/>
  <system-out/>
</testsuite> <!-- com.banking.obs.pratice.Pract2 -->
