<?xml version="1.0" encoding="UTF-8"?>
<!-- Generated by org.testng.reporters.JUnitReportReporter -->
<testsuite hostname="amlan" failures="0" tests="6" name="com.banking.testng.MultiFetchData" time="0.011" errors="0" timestamp="2023-08-04T16:04:13 IST" skipped="0">
  <testcase classname="com.banking.testng.MultiFetchData" name="getData" time="0.006"/>
  <system-out/>
  <testcase classname="com.banking.testng.MultiFetchData" name="godata" time="0.001"/>
  <system-out/>
  <testcase classname="com.banking.testng.MultiFetchData" name="godata" time="0.002"/>
  <system-out/>
  <testcase classname="com.banking.testng.MultiFetchData" name="setData" time="0.001"/>
  <system-out/>
  <testcase classname="com.banking.testng.MultiFetchData" name="getData" time="0.001"/>
  <system-out/>
  <testcase classname="com.banking.testng.MultiFetchData" name="setData" time="0.000"/>
  <system-out/>
</testsuite> <!-- com.banking.testng.MultiFetchData -->
